Determining if the include file coroutine exists failed with the following output:
Change Dir: /home/ffzzc7/test/cmake-build-release/CMakeFiles/CMakeTmp

Run Build Command:"/usr/bin/make" "cmTC_08cc5/fast"
/usr/bin/make -f CMakeFiles/cmTC_08cc5.dir/build.make CMakeFiles/cmTC_08cc5.dir/build
make[1]: Entering directory '/home/ffzzc7/test/cmake-build-release/CMakeFiles/CMakeTmp'
Building CXX object CMakeFiles/cmTC_08cc5.dir/CheckIncludeFile.cxx.o
/usr/bin/c++     -o CMakeFiles/cmTC_08cc5.dir/CheckIncludeFile.cxx.o -c /home/ffzzc7/test/cmake-build-release/CMakeFiles/CMakeTmp/CheckIncludeFile.cxx
/home/ffzzc7/test/cmake-build-release/CMakeFiles/CMakeTmp/CheckIncludeFile.cxx:1:10: fatal error: coroutine: No such file or directory
 #include <coroutine>
          ^~~~~~~~~~~
compilation terminated.
CMakeFiles/cmTC_08cc5.dir/build.make:65: recipe for target 'CMakeFiles/cmTC_08cc5.dir/CheckIncludeFile.cxx.o' failed
make[1]: *** [CMakeFiles/cmTC_08cc5.dir/CheckIncludeFile.cxx.o] Error 1
make[1]: Leaving directory '/home/ffzzc7/test/cmake-build-release/CMakeFiles/CMakeTmp'
Makefile:126: recipe for target 'cmTC_08cc5/fast' failed
make: *** [cmTC_08cc5/fast] Error 2


Determining if the pthread_create exist failed with the following output:
Change Dir: /home/ffzzc7/test/cmake-build-release/CMakeFiles/CMakeTmp

Run Build Command:"/usr/bin/make" "cmTC_5d55c/fast"
/usr/bin/make -f CMakeFiles/cmTC_5d55c.dir/build.make CMakeFiles/cmTC_5d55c.dir/build
make[1]: Entering directory '/home/ffzzc7/test/cmake-build-release/CMakeFiles/CMakeTmp'
Building CXX object CMakeFiles/cmTC_5d55c.dir/CheckSymbolExists.cxx.o
/usr/bin/c++     -o CMakeFiles/cmTC_5d55c.dir/CheckSymbolExists.cxx.o -c /home/ffzzc7/test/cmake-build-release/CMakeFiles/CMakeTmp/CheckSymbolExists.cxx
Linking CXX executable cmTC_5d55c
/usr/bin/cmake -E cmake_link_script CMakeFiles/cmTC_5d55c.dir/link.txt --verbose=1
/usr/bin/c++       CMakeFiles/cmTC_5d55c.dir/CheckSymbolExists.cxx.o  -o cmTC_5d55c 
CMakeFiles/cmTC_5d55c.dir/CheckSymbolExists.cxx.o: In function `main':
CheckSymbolExists.cxx:(.text+0x1b): undefined reference to `pthread_create'
collect2: error: ld returned 1 exit status
CMakeFiles/cmTC_5d55c.dir/build.make:97: recipe for target 'cmTC_5d55c' failed
make[1]: *** [cmTC_5d55c] Error 1
make[1]: Leaving directory '/home/ffzzc7/test/cmake-build-release/CMakeFiles/CMakeTmp'
Makefile:126: recipe for target 'cmTC_5d55c/fast' failed
make: *** [cmTC_5d55c/fast] Error 2

File /home/ffzzc7/test/cmake-build-release/CMakeFiles/CMakeTmp/CheckSymbolExists.cxx:
/* */
#include <pthread.h>

int main(int argc, char** argv)
{
  (void)argv;
#ifndef pthread_create
  return ((int*)(&pthread_create))[argc];
#else
  (void)argc;
  return 0;
#endif
}

Determining if the function pthread_create exists in the pthreads failed with the following output:
Change Dir: /home/ffzzc7/test/cmake-build-release/CMakeFiles/CMakeTmp

Run Build Command:"/usr/bin/make" "cmTC_7a46c/fast"
/usr/bin/make -f CMakeFiles/cmTC_7a46c.dir/build.make CMakeFiles/cmTC_7a46c.dir/build
make[1]: Entering directory '/home/ffzzc7/test/cmake-build-release/CMakeFiles/CMakeTmp'
Building CXX object CMakeFiles/cmTC_7a46c.dir/CheckFunctionExists.cxx.o
/usr/bin/c++    -DCHECK_FUNCTION_EXISTS=pthread_create   -o CMakeFiles/cmTC_7a46c.dir/CheckFunctionExists.cxx.o -c /home/ffzzc7/test/cmake-build-release/CMakeFiles/CheckLibraryExists/CheckFunctionExists.cxx
Linking CXX executable cmTC_7a46c
/usr/bin/cmake -E cmake_link_script CMakeFiles/cmTC_7a46c.dir/link.txt --verbose=1
/usr/bin/c++   -DCHECK_FUNCTION_EXISTS=pthread_create    CMakeFiles/cmTC_7a46c.dir/CheckFunctionExists.cxx.o  -o cmTC_7a46c -lpthreads 
/usr/bin/ld: cannot find -lpthreads
collect2: error: ld returned 1 exit status
CMakeFiles/cmTC_7a46c.dir/build.make:97: recipe for target 'cmTC_7a46c' failed
make[1]: *** [cmTC_7a46c] Error 1
make[1]: Leaving directory '/home/ffzzc7/test/cmake-build-release/CMakeFiles/CMakeTmp'
Makefile:126: recipe for target 'cmTC_7a46c/fast' failed
make: *** [cmTC_7a46c/fast] Error 2


